<?xml version="1.0" encoding="UTF-8"?>
<!-- Generated by org.testng.reporters.JUnitXMLReporter -->
<testsuite ignored="0" hostname="DESKTOP-0LP2P18" failures="1" tests="2" name="Test" time="29.633" errors="0" timestamp="2022-10-21T06:54:14 PDT">
  <testcase classname="com.success.tests.IndexPageTest" name="verifyLogo" time="0.011">
    <failure type="java.lang.NullPointerException" message="Cannot invoke &amp;quot;com.success.page.IndexPage.validateLogo()&amp;quot; because &amp;quot;this.ip&amp;quot; is null">
      <![CDATA[java.lang.NullPointerException: Cannot invoke "com.success.page.IndexPage.validateLogo()" because "this.ip" is null
at com.success.tests.IndexPageTest.verifyLogo(IndexPageTest.java:26)
at java.base/java.util.ArrayList.forEach(ArrayList.java:1511)
... Removed 27 stack frames]]>
    </failure>
  </testcase> <!-- verifyLogo -->
  <testcase classname="com.success.tests.IndexPageTest" name="verifyTitle" time="0.023"/>
</testsuite> <!-- Test -->
