# JRE version: Java(TM) SE Runtime Environment (17.0.4.1+1) (build 17.0.4.1+1-LTS-2)
# Java VM: Java HotSpot(TM) 64-Bit Server VM (17.0.4.1+1-LTS-2, mixed mode, sharing, tiered, compressed oops, compressed class ptrs, g1 gc, windows-amd64)
GC Precious Log:
 CPUs: 4 total, 4 available
 Memory: 8108M
 Large Page Support: Disabled
 NUMA Support: Disabled
 Compressed Oops: Enabled (32-bit)
 Heap Region Size: 1M
 Heap Min Capacity: 8M
 Heap Initial Capacity: 128M
 Heap Max Capacity: 2028M
 Pre-touch: Disabled
 Parallel Workers: 4
 Concurrent Workers: 1
 Concurrent Refinement Workers: 4
 Periodic GC: Disabled
Heap:
 garbage-first heap   total 55296K, used 27277K [0x0000000081400000, 0x0000000100000000)
  region size 1024K, 8 young (8192K), 2 survivors (2048K)
 Metaspace       used 28254K, committed 28544K, reserved 1081344K
  class space    used 3582K, committed 3712K, reserved 1048576K
GC Heap History (10 events):
Event: 1.146 GC heap before
{Heap before GC invocations=0 (full 0):
 garbage-first heap   total 131072K, used 12288K [0x0000000081400000, 0x0000000100000000)
  region size 1024K, 13 young (13312K), 0 survivors (0K)
 Metaspace       used 1776K, committed 1984K, reserved 1056768K
  class space    used 162K, committed 256K, reserved 1048576K
}
Event: 1.157 GC heap after
{Heap after GC invocations=1 (full 0):
 garbage-first heap   total 131072K, used 7168K [0x0000000081400000, 0x0000000100000000)
  region size 1024K, 2 young (2048K), 2 survivors (2048K)
 Metaspace       used 1776K, committed 1984K, reserved 1056768K
  class space    used 162K, committed 256K, reserved 1048576K
}
Event: 1.750 GC heap before
{Heap before GC invocations=1 (full 0):
 garbage-first heap   total 131072K, used 16384K [0x0000000081400000, 0x0000000100000000)
  region size 1024K, 11 young (11264K), 2 survivors (2048K)
 Metaspace       used 6108K, committed 6336K, reserved 1056768K
  class space    used 677K, committed 768K, reserved 1048576K
}
Event: 1.754 GC heap after
{Heap after GC invocations=2 (full 0):
 garbage-first heap   total 131072K, used 8271K [0x0000000081400000, 0x0000000100000000)
  region size 1024K, 2 young (2048K), 2 survivors (2048K)
 Metaspace       used 6108K, committed 6336K, reserved 1056768K
  class space    used 677K, committed 768K, reserved 1048576K
}
Event: 2.745 GC heap before
{Heap before GC invocations=2 (full 0):
 garbage-first heap   total 131072K, used 30799K [0x0000000081400000, 0x0000000100000000)
  region size 1024K, 24 young (24576K), 2 survivors (2048K)
 Metaspace       used 11445K, committed 11712K, reserved 1064960K
  class space    used 1307K, committed 1472K, reserved 1048576K
}
Event: 2.753 GC heap after
{Heap after GC invocations=3 (full 0):
 garbage-first heap   total 131072K, used 12272K [0x0000000081400000, 0x0000000100000000)
  region size 1024K, 3 young (3072K), 3 survivors (3072K)
 Metaspace       used 11445K, committed 11712K, reserved 1064960K
  class space    used 1307K, committed 1472K, reserved 1048576K
}
Event: 4.038 GC heap before
{Heap before GC invocations=3 (full 0):
 garbage-first heap   total 131072K, used 51184K [0x0000000081400000, 0x0000000100000000)
  region size 1024K, 42 young (43008K), 3 survivors (3072K)
 Metaspace       used 21246K, committed 21504K, reserved 1073152K
  class space    used 2582K, committed 2688K, reserved 1048576K
}
Event: 4.048 GC heap after
{Heap after GC invocations=4 (full 0):
 garbage-first heap   total 131072K, used 15337K [0x0000000081400000, 0x0000000100000000)
  region size 1024K, 6 young (6144K), 6 survivors (6144K)
 Metaspace       used 21246K, committed 21504K, reserved 1073152K
  class space    used 2582K, committed 2688K, reserved 1048576K
}
Event: 6.129 GC heap before
{Heap before GC invocations=5 (full 0):
 garbage-first heap   total 55296K, used 44009K [0x0000000081400000, 0x0000000100000000)
  region size 1024K, 30 young (30720K), 6 survivors (6144K)
 Metaspace       used 27499K, committed 27840K, reserved 1081344K
  class space    used 3483K, committed 3648K, reserved 1048576K
}
Event: 6.145 GC heap after
{Heap after GC invocations=6 (full 0):
 garbage-first heap   total 55296K, used 22157K [0x0000000081400000, 0x0000000100000000)
  region size 1024K, 2 young (2048K), 2 survivors (2048K)
 Metaspace       used 27499K, committed 27840K, reserved 1081344K
  class space    used 3483K, committed 3648K, reserved 1048576K
}

