<?xml version="1.0" encoding="UTF-8"?>
<!-- Generated by org.testng.reporters.JUnitXMLReporter -->
<testsuite ignored="0" hostname="DESKTOP-0LP2P18" failures="1" tests="2" name="iebrowser" time="31.07" errors="0" timestamp="2022-10-21T22:19:30 PDT">
  <testcase classname="com.success.tests.IndexPageTest" name="verifyLogo" time="0.188">
    <failure type="java.lang.AssertionError" message="expected [true] but found [false]">
      <![CDATA[java.lang.AssertionError: expected [true] but found [false]
at com.success.tests.IndexPageTest.verifyLogo(IndexPageTest.java:27)
at java.base/java.util.ArrayList.forEach(ArrayList.java:1511)
at java.base/java.util.concurrent.FutureTask.run(FutureTask.java:264)
at java.base/java.util.concurrent.ThreadPoolExecutor.runWorker(ThreadPoolExecutor.java:1136)
at java.base/java.util.concurrent.ThreadPoolExecutor$Worker.run(ThreadPoolExecutor.java:635)
at java.base/java.lang.Thread.run(Thread.java:833)
... Removed 21 stack frames]]>
    </failure>
  </testcase> <!-- verifyLogo -->
  <testcase classname="com.success.tests.IndexPageTest" name="verifyTitle" time="0.013"/>
</testsuite> <!-- iebrowser -->
